This is pdfTeX, Version 3.1415926-2.4-1.40.13 (TeX Live 2012) (format=pdflatex 2012.6.30)  6 AUG 2013 16:23
entering extended mode
 restricted \write18 enabled.
 %&-line parsing enabled.
**cv2.tex -recorder
(./cv2.tex
LaTeX2e <2011/06/27>
Babel <v3.8m> and hyphenation patterns for english, dumylang, nohyphenation, ge
rman-x-2012-05-30, ngerman-x-2012-05-30, afrikaans, ancientgreek, ibycus, arabi
c, armenian, basque, bulgarian, catalan, pinyin, coptic, croatian, czech, danis
h, dutch, ukenglish, usenglishmax, esperanto, estonian, ethiopic, farsi, finnis
h, french, friulan, galician, german, ngerman, swissgerman, monogreek, greek, h
ungarian, icelandic, assamese, bengali, gujarati, hindi, kannada, malayalam, ma
rathi, oriya, panjabi, tamil, telugu, indonesian, interlingua, irish, italian, 
kurmanji, latin, latvian, lithuanian, mongolian, mongolianlmc, bokmal, nynorsk,
 polish, portuguese, romanian, romansh, russian, sanskrit, serbian, serbianc, s
lovak, slovenian, spanish, swedish, turkish, turkmen, ukrainian, uppersorbian, 
welsh, loaded.
(/usr/local/texlive/2012/texmf-dist/tex/latex/moderncv/moderncv.cls
Document Class: moderncv 2012/03/26 v1.0 modern curriculum vitae and letter doc
ument class
(/usr/local/texlive/2012/texmf-dist/tex/latex/base/size11.clo
File: size11.clo 2007/10/19 v1.4h Standard LaTeX file (size option)
)
(/usr/local/texlive/2012/texmf-dist/tex/latex/etoolbox/etoolbox.sty
Package: etoolbox 2011/01/03 v2.1 e-TeX tools for LaTeX

(/usr/local/texlive/2012/texmf-dist/tex/latex/etex-pkg/etex.sty
Package: etex 1998/03/26 v2.0 eTeX basic definition package (PEB)
\et@xins=\count79
)
\etb@tempcnta=\count80
)
(/usr/local/texlive/2012/texmf-dist/tex/latex/base/ifthen.sty
Package: ifthen 2001/05/26 v1.1c Standard LaTeX ifthen package (DPC)
)
(/usr/local/texlive/2012/texmf-dist/tex/latex/xcolor/xcolor.sty
Package: xcolor 2007/01/21 v2.11 LaTeX color extensions (UK)

(/usr/local/texlive/2012/texmf-dist/tex/latex/latexconfig/color.cfg
File: color.cfg 2007/01/18 v1.5 color configuration of teTeX/TeXLive
)
Package xcolor Info: Driver file: pdftex.def on input line 225.

(/usr/local/texlive/2012/texmf-dist/tex/latex/pdftex-def/pdftex.def
File: pdftex.def 2011/05/27 v0.06d Graphics/color for pdfTeX

(/usr/local/texlive/2012/texmf-dist/tex/generic/oberdiek/infwarerr.sty
Package: infwarerr 2010/04/08 v1.3 Providing info/warning/error messages (HO)
)
(/usr/local/texlive/2012/texmf-dist/tex/generic/oberdiek/ltxcmds.sty
Package: ltxcmds 2011/11/09 v1.22 LaTeX kernel commands for general use (HO)
)
\Gread@gobject=\count81
)
Package xcolor Info: Model `cmy' substituted by `cmy0' on input line 1337.
Package xcolor Info: Model `hsb' substituted by `rgb' on input line 1341.
Package xcolor Info: Model `RGB' extended on input line 1353.
Package xcolor Info: Model `HTML' substituted by `rgb' on input line 1355.
Package xcolor Info: Model `Hsb' substituted by `hsb' on input line 1356.
Package xcolor Info: Model `tHsb' substituted by `hsb' on input line 1357.
Package xcolor Info: Model `HSB' substituted by `hsb' on input line 1358.
Package xcolor Info: Model `Gray' substituted by `gray' on input line 1359.
Package xcolor Info: Model `wave' substituted by `hsb' on input line 1360.
)
(/usr/local/texlive/2012/texmf-dist/tex/latex/base/fontenc.sty
Package: fontenc 2005/09/27 v1.99g Standard LaTeX package

(/usr/local/texlive/2012/texmf-dist/tex/latex/base/t1enc.def
File: t1enc.def 2005/09/27 v1.99g Standard LaTeX file
LaTeX Font Info:    Redeclaring font encoding T1 on input line 43.
))
(/usr/local/texlive/2012/texmf-dist/tex/latex/lm/lmodern.sty
Package: lmodern 2009/10/30 v1.6 Latin Modern Fonts
LaTeX Font Info:    Overwriting symbol font `operators' in version `normal'
(Font)                  OT1/cmr/m/n --> OT1/lmr/m/n on input line 22.
LaTeX Font Info:    Overwriting symbol font `letters' in version `normal'
(Font)                  OML/cmm/m/it --> OML/lmm/m/it on input line 23.
LaTeX Font Info:    Overwriting symbol font `symbols' in version `normal'
(Font)                  OMS/cmsy/m/n --> OMS/lmsy/m/n on input line 24.
LaTeX Font Info:    Overwriting symbol font `largesymbols' in version `normal'
(Font)                  OMX/cmex/m/n --> OMX/lmex/m/n on input line 25.
LaTeX Font Info:    Overwriting symbol font `operators' in version `bold'
(Font)                  OT1/cmr/bx/n --> OT1/lmr/bx/n on input line 26.
LaTeX Font Info:    Overwriting symbol font `letters' in version `bold'
(Font)                  OML/cmm/b/it --> OML/lmm/b/it on input line 27.
LaTeX Font Info:    Overwriting symbol font `symbols' in version `bold'
(Font)                  OMS/cmsy/b/n --> OMS/lmsy/b/n on input line 28.
LaTeX Font Info:    Overwriting symbol font `largesymbols' in version `bold'
(Font)                  OMX/cmex/m/n --> OMX/lmex/m/n on input line 29.
LaTeX Font Info:    Overwriting math alphabet `\mathbf' in version `normal'
(Font)                  OT1/cmr/bx/n --> OT1/lmr/bx/n on input line 31.
LaTeX Font Info:    Overwriting math alphabet `\mathsf' in version `normal'
(Font)                  OT1/cmss/m/n --> OT1/lmss/m/n on input line 32.
LaTeX Font Info:    Overwriting math alphabet `\mathit' in version `normal'
(Font)                  OT1/cmr/m/it --> OT1/lmr/m/it on input line 33.
LaTeX Font Info:    Overwriting math alphabet `\mathtt' in version `normal'
(Font)                  OT1/cmtt/m/n --> OT1/lmtt/m/n on input line 34.
LaTeX Font Info:    Overwriting math alphabet `\mathbf' in version `bold'
(Font)                  OT1/cmr/bx/n --> OT1/lmr/bx/n on input line 35.
LaTeX Font Info:    Overwriting math alphabet `\mathsf' in version `bold'
(Font)                  OT1/cmss/bx/n --> OT1/lmss/bx/n on input line 36.
LaTeX Font Info:    Overwriting math alphabet `\mathit' in version `bold'
(Font)                  OT1/cmr/bx/it --> OT1/lmr/bx/it on input line 37.
LaTeX Font Info:    Overwriting math alphabet `\mathtt' in version `bold'
(Font)                  OT1/cmtt/m/n --> OT1/lmtt/m/n on input line 38.
)
(/usr/local/texlive/2012/texmf-dist/tex/latex/marvosym/marvosym.sty
Package: marvosym 2011/07/20 v2.2 Martin Vogel's Symbols font definitions
)
(/usr/local/texlive/2012/texmf-dist/tex/latex/url/url.sty
\Urlmuskip=\muskip10
Package: url 2006/04/12  ver 3.3  Verb mode for urls, etc.
)
(/usr/local/texlive/2012/texmf-dist/tex/latex/graphics/graphicx.sty
Package: graphicx 1999/02/16 v1.0f Enhanced LaTeX Graphics (DPC,SPQR)

(/usr/local/texlive/2012/texmf-dist/tex/latex/graphics/keyval.sty
Package: keyval 1999/03/16 v1.13 key=value parser (DPC)
\KV@toks@=\toks14
)
(/usr/local/texlive/2012/texmf-dist/tex/latex/graphics/graphics.sty
Package: graphics 2009/02/05 v1.0o Standard LaTeX Graphics (DPC,SPQR)

(/usr/local/texlive/2012/texmf-dist/tex/latex/graphics/trig.sty
Package: trig 1999/03/16 v1.09 sin cos tan (DPC)
)
(/usr/local/texlive/2012/texmf-dist/tex/latex/latexconfig/graphics.cfg
File: graphics.cfg 2010/04/23 v1.9 graphics configuration of TeX Live
)
Package graphics Info: Driver file: pdftex.def on input line 91.
)
\Gin@req@height=\dimen102
\Gin@req@width=\dimen103
)
(/usr/local/texlive/2012/texmf-dist/tex/latex/fancyhdr/fancyhdr.sty
\fancy@headwidth=\skip41
\f@ncyO@elh=\skip42
\f@ncyO@erh=\skip43
\f@ncyO@olh=\skip44
\f@ncyO@orh=\skip45
\f@ncyO@elf=\skip46
\f@ncyO@erf=\skip47
\f@ncyO@olf=\skip48
\f@ncyO@orf=\skip49
)
(/usr/local/texlive/2012/texmf-dist/tex/latex/tools/calc.sty
Package: calc 2007/08/22 v4.3 Infix arithmetic (KKT,FJ)
\calc@Acount=\count82
\calc@Bcount=\count83
\calc@Adimen=\dimen104
\calc@Bdimen=\dimen105
\calc@Askip=\skip50
\calc@Bskip=\skip51
LaTeX Info: Redefining \setlength on input line 76.
LaTeX Info: Redefining \addtolength on input line 77.
\calc@Ccount=\count84
\calc@Cskip=\skip52
)
(/usr/local/texlive/2012/texmf-dist/tex/latex/xargs/xargs.sty
Package: xargs 2008/03/22 v1.1  extended macro definitions  (mpg)

(/usr/local/texlive/2012/texmf-dist/tex/latex/xkeyval/xkeyval.sty
Package: xkeyval 2008/08/13 v2.6a package option processing (HA)

(/usr/local/texlive/2012/texmf-dist/tex/generic/xkeyval/xkeyval.tex
\XKV@toks=\toks15
\XKV@tempa@toks=\toks16
\XKV@depth=\count85
File: xkeyval.tex 2008/08/13 v2.6a key=value parser (HA)
))
\xargs@max=\count86
\xargs@toksa=\toks17
\xargs@toksb=\toks18
)
(/usr/local/texlive/2012/texmf-dist/tex/latex/microtype/microtype.sty
Package: microtype 2010/01/10 v2.4 Micro-typography with pdfTeX (RS)
\MT@toks=\toks19
\MT@count=\count87
LaTeX Info: Redefining \lsstyle on input line 1597.
LaTeX Info: Redefining \lslig on input line 1597.
\MT@outer@space=\skip53
LaTeX Info: Redefining \textls on input line 1605.
\MT@outer@kern=\dimen106
LaTeX Info: Redefining \textmicrotypecontext on input line 2156.
Package microtype Info: Loading configuration file microtype.cfg.

(/usr/local/texlive/2012/texmf-dist/tex/latex/microtype/microtype.cfg
File: microtype.cfg 2010/01/10 v2.4 microtype main configuration file (RS)
))
(/usr/local/texlive/2012/texmf-dist/tex/latex/moderncv/moderncvcompatibility.st
y
Package: moderncvcompatibility 2012/03/26 v1.0 modern curriculum vitae and lett
er compatibility patches
) (/usr/local/texlive/2012/texmf-dist/tex/latex/bigfoot/suffix.sty
Package: suffix 2006/07/15 1.5 Variant command support
)
\bibindent=\skip54

(/usr/local/texlive/2012/texmf-dist/tex/latex/moderncv/tweaklist.sty))
(/usr/local/texlive/2012/texmf-dist/tex/generic/oberdiek/ifpdf.sty
Package: ifpdf 2011/01/30 v2.3 Provides the ifpdf switch (HO)
Package ifpdf Info: pdfTeX in PDF mode is detected.
)
(/usr/local/texlive/2012/texmf-dist/tex/latex/geometry/geometry.sty
Package: geometry 2010/09/12 v5.6 Page Geometry

(/usr/local/texlive/2012/texmf-dist/tex/generic/oberdiek/ifvtex.sty
Package: ifvtex 2010/03/01 v1.5 Detect VTeX and its facilities (HO)
Package ifvtex Info: VTeX not detected.
)
(/usr/local/texlive/2012/texmf-dist/tex/generic/ifxetex/ifxetex.sty
Package: ifxetex 2010/09/12 v0.6 Provides ifxetex conditional
)
\Gm@cnth=\count88
\Gm@cntv=\count89
\c@Gm@tempcnt=\count90
\Gm@bindingoffset=\dimen107
\Gm@wd@mp=\dimen108
\Gm@odd@mp=\dimen109
\Gm@even@mp=\dimen110
\Gm@layoutwidth=\dimen111
\Gm@layoutheight=\dimen112
\Gm@layouthoffset=\dimen113
\Gm@layoutvoffset=\dimen114
\Gm@dimlist=\toks20
)
(/usr/local/texlive/2012/texmf-dist/tex/latex/hyperref/hyperref.sty
Package: hyperref 2012/08/21 v6.83c Hypertext links for LaTeX

(/usr/local/texlive/2012/texmf-dist/tex/generic/oberdiek/hobsub-hyperref.sty
Package: hobsub-hyperref 2012/05/28 v1.13 Bundle oberdiek, subset hyperref (HO)


(/usr/local/texlive/2012/texmf-dist/tex/generic/oberdiek/hobsub-generic.sty
Package: hobsub-generic 2012/05/28 v1.13 Bundle oberdiek, subset generic (HO)
Package: hobsub 2012/05/28 v1.13 Construct package bundles (HO)
Package hobsub Info: Skipping package `infwarerr' (already loaded).
Package hobsub Info: Skipping package `ltxcmds' (already loaded).
Package: ifluatex 2010/03/01 v1.3 Provides the ifluatex switch (HO)
Package ifluatex Info: LuaTeX not detected.
Package hobsub Info: Skipping package `ifvtex' (already loaded).
Package: intcalc 2007/09/27 v1.1 Expandable calculations with integers (HO)
Package hobsub Info: Skipping package `ifpdf' (already loaded).
Package: etexcmds 2011/02/16 v1.5 Avoid name clashes with e-TeX commands (HO)
Package etexcmds Info: Could not find \expanded.
(etexcmds)             That can mean that you are not using pdfTeX 1.50 or
(etexcmds)             that some package has redefined \expanded.
(etexcmds)             In the latter case, load this package earlier.
Package: kvsetkeys 2012/04/25 v1.16 Key value parser (HO)
Package: kvdefinekeys 2011/04/07 v1.3 Define keys (HO)
Package: pdftexcmds 2011/11/29 v0.20 Utility functions of pdfTeX for LuaTeX (HO
)
Package pdftexcmds Info: LuaTeX not detected.
Package pdftexcmds Info: \pdf@primitive is available.
Package pdftexcmds Info: \pdf@ifprimitive is available.
Package pdftexcmds Info: \pdfdraftmode found.
Package: pdfescape 2011/11/25 v1.13 Implements pdfTeX's escape features (HO)
Package: bigintcalc 2012/04/08 v1.3 Expandable calculations on big integers (HO
)
Package: bitset 2011/01/30 v1.1 Handle bit-vector datatype (HO)
Package: uniquecounter 2011/01/30 v1.2 Provide unlimited unique counter (HO)
)
Package hobsub Info: Skipping package `hobsub' (already loaded).
Package: letltxmacro 2010/09/02 v1.4 Let assignment for LaTeX macros (HO)
Package: hopatch 2012/05/28 v1.2 Wrapper for package hooks (HO)
Package: xcolor-patch 2011/01/30 xcolor patch
Package: atveryend 2011/06/30 v1.8 Hooks at the very end of document (HO)
Package: atbegshi 2011/10/05 v1.16 At begin shipout hook (HO)
Package: refcount 2011/10/16 v3.4 Data extraction from label references (HO)
Package: hycolor 2011/01/30 v1.7 Color options for hyperref/bookmark (HO)
)
(/usr/local/texlive/2012/texmf-dist/tex/latex/oberdiek/auxhook.sty
Package: auxhook 2011/03/04 v1.3 Hooks for auxiliary files (HO)
)
(/usr/local/texlive/2012/texmf-dist/tex/latex/oberdiek/kvoptions.sty
Package: kvoptions 2011/06/30 v3.11 Key value format for package options (HO)
)
\@linkdim=\dimen115
\Hy@linkcounter=\count91
\Hy@pagecounter=\count92

(/usr/local/texlive/2012/texmf-dist/tex/latex/hyperref/pd1enc.def
File: pd1enc.def 2012/08/21 v6.83c Hyperref: PDFDocEncoding definition (HO)
)
\Hy@SavedSpaceFactor=\count93

(/usr/local/texlive/2012/texmf-dist/tex/latex/latexconfig/hyperref.cfg
File: hyperref.cfg 2002/06/06 v1.2 hyperref configuration of TeXLive
)
Package hyperref Info: Hyper figures OFF on input line 4263.
Package hyperref Info: Link nesting OFF on input line 4268.
Package hyperref Info: Hyper index ON on input line 4271.
Package hyperref Info: Plain pages OFF on input line 4278.
Package hyperref Info: Backreferencing OFF on input line 4283.
Package hyperref Info: Implicit mode ON; LaTeX internals redefined.
Package hyperref Info: Bookmarks ON on input line 4501.
\c@Hy@tempcnt=\count94
LaTeX Info: Redefining \url on input line 4854.
\XeTeXLinkMargin=\dimen116
\Fld@menulength=\count95
\Field@Width=\dimen117
\Fld@charsize=\dimen118
Package hyperref Info: Hyper figures OFF on input line 6094.
Package hyperref Info: Link nesting OFF on input line 6099.
Package hyperref Info: Hyper index ON on input line 6102.
Package hyperref Info: backreferencing OFF on input line 6109.
Package hyperref Info: Link coloring OFF on input line 6114.
Package hyperref Info: Link coloring with OCG OFF on input line 6119.
Package hyperref Info: PDF/A mode OFF on input line 6124.
LaTeX Info: Redefining \ref on input line 6164.
LaTeX Info: Redefining \pageref on input line 6168.


Package hyperref Warning: Option `pdfpagelabels' is turned off
(hyperref)                because \thepage is undefined.

\c@Item=\count96
\c@Hfootnote=\count97
)

Package hyperref Message: Driver: hpdftex.

(/usr/local/texlive/2012/texmf-dist/tex/latex/hyperref/hpdftex.def
File: hpdftex.def 2012/08/21 v6.83c Hyperref driver for pdfTeX
\Fld@listcount=\count98
\c@bookmark@seq@number=\count99

(/usr/local/texlive/2012/texmf-dist/tex/latex/oberdiek/rerunfilecheck.sty
Package: rerunfilecheck 2011/04/15 v1.7 Rerun checks for auxiliary files (HO)
Package uniquecounter Info: New unique counter `rerunfilecheck' on input line 2
82.
)
\Hy@SectionHShift=\skip55
)
(/usr/local/texlive/2012/texmf-dist/tex/latex/moderncv/moderncvstylecasual.sty
Package: moderncvstylecasual 2012/03/26 v1.0 modern curriculum vitae and letter
 style scheme: casual

(/usr/local/texlive/2012/texmf-dist/tex/latex/moderncv/moderncvstyleclassic.sty
Package: moderncvstyleclassic 2012/03/26 v1.0 modern curriculum vitae and lette
r style scheme: classic
\quotewidth=\skip56
\hintscolumnwidth=\skip57
\separatorcolumnwidth=\skip58
\maincolumnwidth=\skip59
\doubleitemmaincolumnwidth=\skip60
\listitemsymbolwidth=\skip61
LaTeX Font Info:    Try loading font information for U+mvs on input line 61.
(/usr/local/texlive/2012/texmf-dist/tex/latex/marvosym/umvs.fd)
\listitemmaincolumnwidth=\skip62
\listdoubleitemmaincolumnwidth=\skip63
\makecvtitlenamewidth=\skip64
\baseletterheight=\skip65
\cvitemwithcommentmainbox=\box26
\cvitemwithcommentmainlength=\skip66
\cvitemwithcommentcommentlength=\skip67
)
\footerbox=\box27
\footertempbox=\box28
\footerwidth=\skip68
\footerboxwidth=\skip69
)
(/usr/local/texlive/2012/texmf-dist/tex/latex/moderncv/moderncvcolorblue.sty
Package: moderncvcolorblue 2012/03/26 v1.0 modern curriculum vitae and letter c
olor scheme: blue
)

Package hyperref Warning: Option `letterpaper' is no longer used.

Package hyperref Info: Option `colorlinks' set `true' on input line 25.

Package hyperref Warning: Values of option `pdfpagemode':
(hyperref)                * `UseNone'
(hyperref)                * `UseOutlines'
(hyperref)                * `UseThumbs'
(hyperref)                * `FullScreen'
(hyperref)                * `UseOC' (PDF 1.5)
(hyperref)                * `UseAttachments' (PDF 1.6)
(hyperref)                * An empty value disables the option.
(hyperref)                Unknown value `none' on input line 25.


Package hyperref Warning: Token not allowed in a PDF string (PDFDocEncoding):
(hyperref)                removing `math shift' on input line 25.


Package hyperref Warning: Token not allowed in a PDF string (PDFDocEncoding):
(hyperref)                removing `math shift' on input line 25.

Package hyperref Info: Option `breaklinks' set `true' on input line 34.

Package hyperref Warning: Option `pdfpagelabels' has already been used,
(hyperref)                setting the option has no effect on input line 34.

Package hyperref Info: Option `bookmarksopen' set `true' on input line 34.
! Undefined control sequence.
<argument> \@firstname 
                       {}~\@familyname {}
l.34 \begin{document}
                     
The control sequence at the end of the top line
of your error message was never \def'ed. If you have
misspelled it (e.g., `\hobx'), type `I' and the correct
spelling (e.g., `I\hbox'). Otherwise just continue,
and I'll forget about whatever was undefined.

! Undefined control sequence.
<argument> \@firstname {}~\@familyname 
                                       {}
l.34 \begin{document}
                     
The control sequence at the end of the top line
of your error message was never \def'ed. If you have
misspelled it (e.g., `\hobx'), type `I' and the correct
spelling (e.g., `I\hbox'). Otherwise just continue,
and I'll forget about whatever was undefined.

! Undefined control sequence.
<argument> \@firstname 
                       {}~\@familyname {} -- \@title {}
l.34 \begin{document}
                     
The control sequence at the end of the top line
of your error message was never \def'ed. If you have
misspelled it (e.g., `\hobx'), type `I' and the correct
spelling (e.g., `I\hbox'). Otherwise just continue,
and I'll forget about whatever was undefined.

! Undefined control sequence.
<argument> \@firstname {}~\@familyname 
                                       {} -- \@title {}
l.34 \begin{document}
                     
The control sequence at the end of the top line
of your error message was never \def'ed. If you have
misspelled it (e.g., `\hobx'), type `I' and the correct
spelling (e.g., `I\hbox'). Otherwise just continue,
and I'll forget about whatever was undefined.

! Undefined control sequence.
<argument> Resum\'{e} of \@firstname 
                                     {}~\@familyname {}
l.34 \begin{document}
                     
The control sequence at the end of the top line
of your error message was never \def'ed. If you have
misspelled it (e.g., `\hobx'), type `I' and the correct
spelling (e.g., `I\hbox'). Otherwise just continue,
and I'll forget about whatever was undefined.

! Undefined control sequence.
<argument> ...'{e} of \@firstname {}~\@familyname 
                                                  {}
l.34 \begin{document}
                     
The control sequence at the end of the top line
of your error message was never \def'ed. If you have
misspelled it (e.g., `\hobx'), type `I' and the correct
spelling (e.g., `I\hbox'). Otherwise just continue,
and I'll forget about whatever was undefined.

! Undefined control sequence.
<argument> \@firstname 
                       {}~\@familyname {}, curriculum vit\ae {}, resum\'{e}
l.34 \begin{document}
                     
The control sequence at the end of the top line
of your error message was never \def'ed. If you have
misspelled it (e.g., `\hobx'), type `I' and the correct
spelling (e.g., `I\hbox'). Otherwise just continue,
and I'll forget about whatever was undefined.

! Undefined control sequence.
<argument> \@firstname {}~\@familyname 
                                       {}, curriculum vit\ae {}, resum\'{e}
l.34 \begin{document}
                     
The control sequence at the end of the top line
of your error message was never \def'ed. If you have
misspelled it (e.g., `\hobx'), type `I' and the correct
spelling (e.g., `I\hbox'). Otherwise just continue,
and I'll forget about whatever was undefined.

(./cv2.aux)
\openout1 = `cv2.aux'.

LaTeX Font Info:    Checking defaults for OML/cmm/m/it on input line 34.
LaTeX Font Info:    ... okay on input line 34.
LaTeX Font Info:    Checking defaults for T1/cmr/m/n on input line 34.
LaTeX Font Info:    ... okay on input line 34.
LaTeX Font Info:    Checking defaults for OT1/cmr/m/n on input line 34.
LaTeX Font Info:    ... okay on input line 34.
LaTeX Font Info:    Checking defaults for OMS/cmsy/m/n on input line 34.
LaTeX Font Info:    ... okay on input line 34.
LaTeX Font Info:    Checking defaults for OMX/cmex/m/n on input line 34.
LaTeX Font Info:    ... okay on input line 34.
LaTeX Font Info:    Checking defaults for U/cmr/m/n on input line 34.
LaTeX Font Info:    ... okay on input line 34.
LaTeX Font Info:    Checking defaults for PD1/pdf/m/n on input line 34.
LaTeX Font Info:    ... okay on input line 34.
LaTeX Font Info:    Try loading font information for T1+lmss on input line 34.
 (/usr/local/texlive/2012/texmf-dist/tex/latex/lm/t1lmss.fd
File: t1lmss.fd 2009/10/30 v1.6 Font defs for Latin Modern
)
(/usr/local/texlive/2012/texmf-dist/tex/context/base/supp-pdf.mkii
[Loading MPS to PDF converter (version 2006.09.02).]
\scratchcounter=\count100
\scratchdimen=\dimen119
\scratchbox=\box29
\nofMPsegments=\count101
\nofMParguments=\count102
\everyMPshowfont=\toks21
\MPscratchCnt=\count103
\MPscratchDim=\dimen120
\MPnumerator=\count104
\makeMPintoPDFobject=\count105
\everyMPtoPDFconversion=\toks22
) (/usr/local/texlive/2012/texmf-dist/tex/latex/oberdiek/epstopdf-base.sty
Package: epstopdf-base 2010/02/09 v2.5 Base part for package epstopdf

(/usr/local/texlive/2012/texmf-dist/tex/latex/oberdiek/grfext.sty
Package: grfext 2010/08/19 v1.1 Manage graphics extensions (HO)
)
Package grfext Info: Graphics extension search list:
(grfext)             [.png,.pdf,.jpg,.mps,.jpeg,.jbig2,.jb2,.PNG,.PDF,.JPG,.JPE
G,.JBIG2,.JB2,.eps]
(grfext)             \AppendGraphicsExtensions on input line 452.

(/usr/local/texlive/2012/texmf-dist/tex/latex/latexconfig/epstopdf-sys.cfg
File: epstopdf-sys.cfg 2010/07/13 v1.3 Configuration of (r)epstopdf for TeX Liv
e
))
LaTeX Info: Redefining \microtypecontext on input line 34.
Package microtype Info: Generating PDF output.
Package microtype Info: Character protrusion enabled (level 2).
Package microtype Info: Using default protrusion set `alltext'.
Package microtype Info: Automatic font expansion enabled (level 2),
(microtype)             stretch: 20, shrink: 20, step: 1, non-selected.
Package microtype Info: Using default expansion set `basictext'.
Package microtype Info: No tracking.
Package microtype Info: No adjustment of interword spacing.
Package microtype Info: No adjustment of character kerning.

*geometry* driver: auto-detecting
*geometry* detected driver: pdftex
*geometry* verbose mode - [ preamble ] result:
* driver: pdftex
* paper: a4paper
* layout: <same size as paper>
* layoutoffset:(h,v)=(0.0pt,0.0pt)
* modes: 
* h-part:(L,W,R)=(74.68848pt, 448.1309pt, 74.68849pt)
* v-part:(T,H,B)=(84.50467pt, 633.78513pt, 126.75705pt)
* \paperwidth=597.50787pt
* \paperheight=845.04684pt
* \textwidth=469.75499pt
* \textheight=625.13506pt
* \oddsidemargin=-36.135pt
* \evensidemargin=2.41849pt
* \topmargin=-7.22743pt
* \headheight=0.0pt
* \headsep=25.0pt
* \topskip=11.0pt
* \footskip=30.0pt
* \marginparwidth=50.0pt
* \marginparsep=10.0pt
* \columnsep=10.0pt
* \skip\footins=10.0pt plus 4.0pt minus 2.0pt
* \hoffset=0.0pt
* \voffset=0.0pt
* \mag=1000
* \@twocolumnfalse
* \@twosidefalse
* \@mparswitchfalse
* \@reversemarginfalse
* (1in=72.27pt=25.4mm, 1cm=28.453pt)

\AtBeginShipoutBox=\box30
Package hyperref Info: Link coloring ON on input line 34.
(/usr/local/texlive/2012/texmf-dist/tex/latex/hyperref/nameref.sty
Package: nameref 2012/07/31 v2.42 Cross-referencing by name of section

(/usr/local/texlive/2012/texmf-dist/tex/generic/oberdiek/gettitlestring.sty
Package: gettitlestring 2010/12/03 v1.4 Cleanup title references (HO)
)
\c@section@level=\count106
)
LaTeX Info: Redefining \ref on input line 34.
LaTeX Info: Redefining \pageref on input line 34.
LaTeX Info: Redefining \nameref on input line 34.

(./cv2.out) (./cv2.out)
\@outlinefile=\write3
\openout3 = `cv2.out'.

\pagenumberwidth=\skip70
LaTeX Font Info:    Font shape `T1/lmss/m/it' in size <10.95> not available
(Font)              Font shape `T1/lmss/m/sl' tried instead on input line 34.

! Undefined control sequence.
l.47 \name
          {Dimitris Papanikolaou}
The control sequence at the end of the top line
of your error message was never \def'ed. If you have
misspelled it (e.g., `\hobx'), type `I' and the correct
spelling (e.g., `I\hbox'). Otherwise just continue,
and I'll forget about whatever was undefined.


! LaTeX Error: Environment resume undefined.

See the LaTeX manual or LaTeX Companion for explanation.
Type  H <return>  for immediate help.
 ...                                              
                                                  
l.49 \begin{resume}
                   
Your command was ignored.
Type  I <command> <return>  to replace it with another command,
or  <return>  to continue without it.

LaTeX Font Info:    Try loading font information for OT1+lmr on input line 51.
(/usr/local/texlive/2012/texmf-dist/tex/latex/lm/ot1lmr.fd
File: ot1lmr.fd 2009/10/30 v1.6 Font defs for Latin Modern
)
(/usr/local/texlive/2012/texmf-dist/tex/latex/microtype/mt-cmr.cfg
File: mt-cmr.cfg 2009/11/09 v2.0 microtype config. file: Computer Modern Roman 
(RS)
)
LaTeX Font Info:    Try loading font information for OML+lmm on input line 51.

(/usr/local/texlive/2012/texmf-dist/tex/latex/lm/omllmm.fd
File: omllmm.fd 2009/10/30 v1.6 Font defs for Latin Modern
)
LaTeX Font Info:    Try loading font information for OMS+lmsy on input line 51.


(/usr/local/texlive/2012/texmf-dist/tex/latex/lm/omslmsy.fd
File: omslmsy.fd 2009/10/30 v1.6 Font defs for Latin Modern
)
LaTeX Font Info:    Try loading font information for OMX+lmex on input line 51.


(/usr/local/texlive/2012/texmf-dist/tex/latex/lm/omxlmex.fd
File: omxlmex.fd 2009/10/30 v1.6 Font defs for Latin Modern
)
LaTeX Font Info:    External font `lmex10' loaded for size
(Font)              <10.95> on input line 51.
LaTeX Font Info:    External font `lmex10' loaded for size
(Font)              <8> on input line 51.
LaTeX Font Info:    External font `lmex10' loaded for size
(Font)              <6> on input line 51.

! Undefined control sequence.
l.56   {\tt
            d-papanikolaou@kellogg.northwestern.edu}  \\
The control sequence at the end of the top line
of your error message was never \def'ed. If you have
misspelled it (e.g., `\hobx'), type `I' and the correct
spelling (e.g., `I\hbox'). Otherwise just continue,
and I'll forget about whatever was undefined.


Underfull \hbox (badness 10000) in paragraph at lines 62--68

 []


Underfull \hbox (badness 10000) in paragraph at lines 72--83

 []


Underfull \hbox (badness 10000) in paragraph at lines 83--89

 []


Underfull \hbox (badness 10000) in paragraph at lines 90--100

 []

[1

{/usr/local/texlive/2012/texmf-var/fonts/map/pdftex/updmap/pdftex.map}]
Underfull \hbox (badness 10000) in paragraph at lines 149--160

 []

[2]
Underfull \hbox (badness 10000) in paragraph at lines 162--173

 []

[3]
Underfull \hbox (badness 10000) in paragraph at lines 174--186

 []


Underfull \hbox (badness 10000) in paragraph at lines 186--187

 []


Underfull \hbox (badness 10000) in paragraph at lines 188--189

 []

[4]
Underfull \hbox (badness 10000) in paragraph at lines 213--214

 []


Underfull \hbox (badness 10000) in paragraph at lines 219--220

 []


! LaTeX Error: \begin{document} ended by \end{resume}.

See the LaTeX manual or LaTeX Companion for explanation.
Type  H <return>  for immediate help.
 ...                                              
                                                  
l.230 \end{resume}
                  
Your command was ignored.
Type  I <command> <return>  to replace it with another command,
or  <return>  to continue without it.

Package atveryend Info: Empty hook `BeforeClearDocument' on input line 232.
[5]
Package atveryend Info: Empty hook `AfterLastShipout' on input line 232.
 (./cv2.aux)
Package atveryend Info: Empty hook `AtVeryEndDocument' on input line 232.
Package atveryend Info: Executing hook `AtEndAfterFileList' on input line 232.
Package rerunfilecheck Info: File `cv2.out' has not changed.
(rerunfilecheck)             Checksum: D41D8CD98F00B204E9800998ECF8427E;0.
 ) 
Here is how much of TeX's memory you used:
 8887 strings out of 493488
 133251 string characters out of 3141326
 254492 words of memory out of 3000000
 12014 multiletter control sequences out of 15000+200000
 29616 words of font info for 47 fonts, out of 3000000 for 9000
 957 hyphenation exceptions out of 8191
 42i,13n,67p,779b,402s stack positions out of 5000i,500n,10000p,200000b,50000s
{/usr/local/texlive/2012/texmf-dist/fonts/enc/dvips/lm/lm-ec.enc}</usr/local/
texlive/2012/texmf-dist/fonts/type1/public/lm/lmss10.pfb></usr/local/texlive/20
12/texmf-dist/fonts/type1/public/lm/lmssbx10.pfb></usr/local/texlive/2012/texmf
-dist/fonts/type1/public/lm/lmsso10.pfb>
Output written on cv2.pdf (5 pages, 84654 bytes).
PDF statistics:
 67 PDF objects out of 1000 (max. 8388607)
 55 compressed objects within 1 object stream
 21 named destinations out of 1000 (max. 500000)
 7681 words of extra memory for PDF output out of 10000 (max. 10000000)

