This is XeTeX, Version 3.1415926-2.3-0.9997.5 (MiKTeX 2.9) (preloaded format=xelatex 2012.10.25)  6 AUG 2013 10:30
entering extended mode
**cv_fancy.tex
(E:\Dropbox\Public\Website\CV\cv_fancy.tex
LaTeX2e <2011/06/27>
Babel <v3.8m> and hyphenation patterns for english, afrikaans, ancientgreek, ar
abic, armenian, assamese, basque, bengali, bokmal, bulgarian, catalan, coptic, 
croatian, czech, danish, dutch, esperanto, estonian, farsi, finnish, french, ga
lician, german, german-x-2009-06-19, greek, gujarati, hindi, hungarian, iceland
ic, indonesian, interlingua, irish, italian, kannada, kurmanji, lao, latin, lat
vian, lithuanian, malayalam, marathi, mongolian, mongolianlmc, monogreek, ngerm
an, ngerman-x-2009-06-19, nynorsk, oriya, panjabi, pinyin, polish, portuguese, 
romanian, russian, sanskrit, serbian, slovak, slovenian, spanish, swedish, swis
sgerman, tamil, telugu, turkish, turkmen, ukenglish, ukrainian, uppersorbian, u
senglishmax, welsh, loaded.
("C:\Program Files (x86)\MiKTeX 2.9\tex\latex\base\article.cls"
Document Class: article 2007/10/19 v1.4h Standard LaTeX document class
("C:\Program Files (x86)\MiKTeX 2.9\tex\latex\base\size11.clo"
File: size11.clo 2007/10/19 v1.4h Standard LaTeX file (size option)
)
\c@part=\count80
\c@section=\count81
\c@subsection=\count82
\c@subsubsection=\count83
\c@paragraph=\count84
\c@subparagraph=\count85
\c@figure=\count86
\c@table=\count87
\abovecaptionskip=\skip41
\belowcaptionskip=\skip42
\bibindent=\dimen102
)
("C:\Program Files (x86)\MiKTeX 2.9\tex\latex\fontspec\fontspec.sty"
Package: fontspec 2011/02/26 v2.1f Advanced font selection for XeLaTeX/LuaLaTeX


(C:\Users\dpap\AppData\Roaming\MiKTeX\2.9\tex\latex\l3kernel\expl3.sty
(C:\Users\dpap\AppData\Roaming\MiKTeX\2.9\tex\latex\l3kernel\l3names.sty
(C:\Users\dpap\AppData\Roaming\MiKTeX\2.9\tex\latex\l3kernel\l3bootstrap.sty
Package: l3bootstrap 2012/07/16 v3991 L3 Experimental bootstrap code
)
Package: l3names 2012/09/24 v4230 L3 Namespace for primitives
)
("C:\Program Files (x86)\MiKTeX 2.9\tex\latex\misc\etex.sty"
Package: etex 1998/03/26 v2.0 eTeX basic definition package (PEB)
\et@xins=\count88
)
Package: expl3 2012/09/29 v4249 L3 Experimental code bundle wrapper

(C:\Users\dpap\AppData\Roaming\MiKTeX\2.9\tex\latex\l3kernel\l3basics.sty
Package: l3basics 2012/09/09 v4212 L3 Basic definitions
)
(C:\Users\dpap\AppData\Roaming\MiKTeX\2.9\tex\latex\l3kernel\l3expan.sty
Package: l3expan 2012/08/28 v4149 L3 Argument expansion
)
(C:\Users\dpap\AppData\Roaming\MiKTeX\2.9\tex\latex\l3kernel\l3tl.sty
Package: l3tl 2012/09/28 v4244 L3 Token lists
)
(C:\Users\dpap\AppData\Roaming\MiKTeX\2.9\tex\latex\l3kernel\l3seq.sty
Package: l3seq 2012/09/09 v4212 L3 Sequences and stacks
)
(C:\Users\dpap\AppData\Roaming\MiKTeX\2.9\tex\latex\l3kernel\l3int.sty
Package: l3int 2012/09/26 v4237 L3 Integers
\c_max_int=\count89
\l_tmpa_int=\count90
\l_tmpb_int=\count91
\g_tmpa_int=\count92
\g_tmpb_int=\count93
\l_tmpc_int=\count94
)
(C:\Users\dpap\AppData\Roaming\MiKTeX\2.9\tex\latex\l3kernel\l3quark.sty
Package: l3quark 2012/08/08 v4065 L3 Quarks
)
(C:\Users\dpap\AppData\Roaming\MiKTeX\2.9\tex\latex\l3kernel\l3prg.sty
Package: l3prg 2012/09/09 v4212 L3 Control structures
\g__prg_map_int=\count95
)
(C:\Users\dpap\AppData\Roaming\MiKTeX\2.9\tex\latex\l3kernel\l3clist.sty
Package: l3clist 2012/09/09 v4212 L3 Comma separated lists
)
(C:\Users\dpap\AppData\Roaming\MiKTeX\2.9\tex\latex\l3kernel\l3token.sty
Package: l3token 2012/08/08 v4069 L3 Experimental token manipulation
)
(C:\Users\dpap\AppData\Roaming\MiKTeX\2.9\tex\latex\l3kernel\l3prop.sty
Package: l3prop 2012/09/09 v4212 L3 Property lists
)
(C:\Users\dpap\AppData\Roaming\MiKTeX\2.9\tex\latex\l3kernel\l3msg.sty
Package: l3msg 2012/09/09 v4212 L3 Messages
)
(C:\Users\dpap\AppData\Roaming\MiKTeX\2.9\tex\latex\l3kernel\l3file.sty
Package: l3file 2012/09/09 v4212 L3 File and I/O operations
\l__ior_stream_int=\count96
\l_iow_line_count_int=\count97
\l__iow_target_count_int=\count98
\l__iow_current_line_int=\count99
\l__iow_current_word_int=\count100
\l__iow_current_indentation_int=\count101
)
(C:\Users\dpap\AppData\Roaming\MiKTeX\2.9\tex\latex\l3kernel\l3skip.sty
Package: l3skip 2012/09/26 v4235 L3 Dimensions and skips
\l_tmpa_dim=\dimen103
\l_tmpb_dim=\dimen104
\g_tmpa_dim=\dimen105
\g_tmpb_dim=\dimen106
\l_tmpa_skip=\skip43
\l_tmpb_skip=\skip44
\g_tmpa_skip=\skip45
\g_tmpb_skip=\skip46
\c_zero_muskip=\muskip10
\c_max_muskip=\muskip11
\l_tmpa_muskip=\muskip12
\l_tmpb_muskip=\muskip13
\g_tmpa_muskip=\muskip14
\g_tmpb_muskip=\muskip15
)
(C:\Users\dpap\AppData\Roaming\MiKTeX\2.9\tex\latex\l3kernel\l3keys.sty
Package: l3keys 2012/09/29 v4248 L3 Experimental key-value interfaces
\g__keyval_level_int=\count102
\l_keys_choice_int=\count103
)
(C:\Users\dpap\AppData\Roaming\MiKTeX\2.9\tex\latex\l3kernel\l3fp.sty
Package: l3fp 2012/09/26 v4234 L3 Floating points
\c__fp_leading_shift_int=\count104
\c__fp_middle_shift_int=\count105
\c__fp_trailing_shift_int=\count106
\c__fp_big_leading_shift_int=\count107
\c__fp_big_middle_shift_int=\count108
\c__fp_big_trailing_shift_int=\count109
\c__fp_Bigg_leading_shift_int=\count110
\c__fp_Bigg_middle_shift_int=\count111
\c__fp_Bigg_trailing_shift_int=\count112
)
(C:\Users\dpap\AppData\Roaming\MiKTeX\2.9\tex\latex\l3kernel\l3box.sty
Package: l3box 2012/07/16 v3991 L3 Experimental boxes
\l_tmpb_box=\box26
\g_tmpa_box=\box27
\g_tmpb_box=\box28
)
(C:\Users\dpap\AppData\Roaming\MiKTeX\2.9\tex\latex\l3kernel\l3coffins.sty
Package: l3coffins 2012/09/09 v4212 L3 Coffin code layer
\l__coffin_internal_box=\box29
\l__coffin_internal_dim=\dimen107
\l__coffin_offset_x_dim=\dimen108
\l__coffin_offset_y_dim=\dimen109
\l__coffin_x_dim=\dimen110
\l__coffin_y_dim=\dimen111
\l__coffin_x_prime_dim=\dimen112
\l__coffin_y_prime_dim=\dimen113
\c_empty_coffin=\box30
\l__coffin_aligned_coffin=\box31
\l__coffin_aligned_internal_coffin=\box32
\l_tmpa_coffin=\box33
\l_tmpb_coffin=\box34
\l__coffin_display_coffin=\box35
\l__coffin_display_coord_coffin=\box36
\l__coffin_display_pole_coffin=\box37
\l__coffin_display_offset_dim=\dimen114
\l__coffin_display_x_dim=\dimen115
\l__coffin_display_y_dim=\dimen116
)
(C:\Users\dpap\AppData\Roaming\MiKTeX\2.9\tex\latex\l3kernel\l3color.sty
Package: l3color 2012/08/29 v4156 L3 Experimental color support
)
(C:\Users\dpap\AppData\Roaming\MiKTeX\2.9\tex\latex\l3kernel\l3luatex.sty
Package: l3luatex 2012/08/03 v4049 L3 Experimental LuaTeX-specific functions
\g__cctab_allocate_int=\count113
\g__cctab_stack_int=\count114
)
(C:\Users\dpap\AppData\Roaming\MiKTeX\2.9\tex\latex\l3kernel\l3candidates.sty
Package: l3candidates 2012/05/12 v3633 L3 Experimental additions to l3kernel
\l__box_top_dim=\dimen117
\l__box_bottom_dim=\dimen118
\l__box_left_dim=\dimen119
\l__box_right_dim=\dimen120
\l__box_top_new_dim=\dimen121
\l__box_bottom_new_dim=\dimen122
\l__box_left_new_dim=\dimen123
\l__box_right_new_dim=\dimen124
\l__box_internal_box=\box38
\l__coffin_bounding_shift_dim=\dimen125
\l__coffin_left_corner_dim=\dimen126
\l__coffin_right_corner_dim=\dimen127
\l__coffin_bottom_corner_dim=\dimen128
\l__coffin_top_corner_dim=\dimen129
\l__coffin_scaled_total_height_dim=\dimen130
\l__coffin_scaled_width_dim=\dimen131
))
(C:\Users\dpap\AppData\Roaming\MiKTeX\2.9\tex\latex\l3packages\xparse\xparse.st
y
Package: xparse 2012/09/29 v4249 L3 Experimental document command parser
\l__xparse_current_arg_int=\count115
\l__xparse_m_args_int=\count116
\l__xparse_mandatory_args_int=\count117
\l__xparse_processor_int=\count118
\l__xparse_v_nesting_int=\count119
) (C:\Users\dpap\AppData\Roaming\MiKTeX\2.9\tex\generic\binhex\binhex.tex)
\l_fontspec_script_int=\count120
\l_fontspec_language_int=\count121
\l_fontspec_strnum_int=\count122
Variant \tl_gset:cV already defined; not changing it on line 83

("C:\Program Files (x86)\MiKTeX 2.9\tex\latex\tools\calc.sty"
Package: calc 2007/08/22 v4.3 Infix arithmetic (KKT,FJ)
\calc@Acount=\count123
\calc@Bcount=\count124
\calc@Adimen=\dimen132
\calc@Bdimen=\dimen133
\calc@Askip=\skip47
\calc@Bskip=\skip48
LaTeX Info: Redefining \setlength on input line 76.
LaTeX Info: Redefining \addtolength on input line 77.
\calc@Ccount=\count125
\calc@Cskip=\skip49
)
("C:\Program Files (x86)\MiKTeX 2.9\tex\latex\xkeyval\xkeyval.sty"
Package: xkeyval 2008/08/13 v2.6a package option processing (HA)

("C:\Program Files (x86)\MiKTeX 2.9\tex\generic\xkeyval\xkeyval.tex"
\XKV@toks=\toks14
\XKV@tempa@toks=\toks15
\XKV@depth=\count126
File: xkeyval.tex 2008/08/13 v2.6a key=value parser (HA)

("C:\Program Files (x86)\MiKTeX 2.9\tex\generic\xkeyval\keyval.tex")))
("C:\Program Files (x86)\MiKTeX 2.9\tex\latex\fontspec\fontspec-patches.sty"
Package: fontspec-patches 2011/02/26 v2.1f Advanced font selection for XeLaTeX/
LuaLaTeX

("C:\Program Files (x86)\MiKTeX 2.9\tex\latex\base\fixltx2e.sty"
Package: fixltx2e 2006/09/13 v1.1m fixes to LaTeX
LaTeX Info: Redefining \em on input line 420.
)
LaTeX Info: Redefining \em on input line 22.
LaTeX Info: Redefining \emph on input line 29.
LaTeX Info: Redefining \- on input line 32.

! Undefined control sequence.
l.52 \char_make_active:n
                        {"20}%
? 

! LaTeX Error: Missing \begin{document}.

See the LaTeX manual or LaTeX Companion for explanation.
Type  H <return>  for immediate help.
 ...                                              
                                                  
l.52 \char_make_active:n{"
                          20}%
? 
) ("C:\Program Files (x86)\MiKTeX 2.9\tex\latex\base\fontenc.sty"
Package: fontenc 2005/09/27 v1.99g Standard LaTeX package

("C:\Program Files (x86)\MiKTeX 2.9\tex\latex\euenc\eu1enc.def"
File: eu1enc.def 2010/05/27 v0.1h Experimental Unicode font encodings
)
LaTeX Font Info:    Try loading font information for EU1+lmr on input line 100.


("C:\Program Files (x86)\MiKTeX 2.9\tex\latex\euenc\eu1lmr.fd"
File: eu1lmr.fd 2009/10/30 v1.6 Font defs for Latin Modern
))
("C:\Program Files (x86)\MiKTeX 2.9\tex\xelatex\xunicode\xunicode.sty"
File: xunicode.sty 2010/11/06 v0.96 provides access to latin accents and many o
ther characters in Unicode lower plane
)
.................................................
. LaTeX info: "xparse/define-command"
. 
. Defining document command \fontspec with arg. spec. 'O{}m' on line 335.
.................................................
.................................................
. LaTeX info: "xparse/define-command"
. 
. Defining document command \setmainfont with arg. spec. 'O{}m' on line 339.
.................................................
.................................................
. LaTeX info: "xparse/define-command"
. 
. Defining document command \setsansfont with arg. spec. 'O{}m' on line 343.
.................................................
.................................................
. LaTeX info: "xparse/define-command"
. 
. Defining document command \setmonofont with arg. spec. 'O{}m' on line 347.
.................................................
.................................................
. LaTeX info: "xparse/define-command"
. 
. Defining document command \setmathrm with arg. spec. 'O{}m' on line 351.
.................................................
.................................................
. LaTeX info: "xparse/define-command"
. 
. Defining document command \setboldmathrm with arg. spec. 'O{}m' on line 354.
.................................................
.................................................
. LaTeX info: "xparse/define-command"
. 
. Defining document command \setmathsf with arg. spec. 'O{}m' on line 357.
.................................................
.................................................
. LaTeX info: "xparse/define-command"
. 
. Defining document command \setmathtt with arg. spec. 'O{}m' on line 360.
.................................................
.................................................
. LaTeX info: "xparse/define-command"
. 
. Defining document command \newfontfamily with arg. spec. 'mO{}m' on line
. 377.
.................................................
.................................................
. LaTeX info: "xparse/define-command"
. 
. Defining document command \newfontface with arg. spec. 'mO{}m' on line 380.
.................................................
.................................................
. LaTeX info: "xparse/define-command"
. 
. Defining document command \defaultfontfeatures with arg. spec. 'm' on line
. 383.
.................................................
.................................................
. LaTeX info: "xparse/define-command"
. 
. Defining document command \addfontfeatures with arg. spec. 'm' on line 400.
.................................................
.................................................
. LaTeX info: "xparse/define-command"
. 
. Defining document command \newfontfeature with arg. spec. 'mm' on line 407.
.................................................
.................................................
. LaTeX info: "xparse/define-command"
. 
. Defining document command \newAATfeature with arg. spec. 'mmmm' on line 416.
.................................................
.................................................
. LaTeX info: "xparse/define-command"
. 
. Defining document command \newICUfeature with arg. spec. 'mmm' on line 425.
.................................................
.................................................
. LaTeX info: "xparse/define-command"
. 
. Defining document command \aliasfontfeature with arg. spec. 'mm' on line
. 427.
.................................................
.................................................
. LaTeX info: "xparse/define-command"
. 
. Defining document command \aliasfontfeatureoption with arg. spec. 'mmm' on
. line 430.
.................................................
.................................................
. LaTeX info: "xparse/define-command"
. 
. Defining document command \newfontscript with arg. spec. 'mm' on line 435.
.................................................
.................................................
. LaTeX info: "xparse/define-command"
. 
. Defining document command \newfontlanguage with arg. spec. 'mm' on line 457.
.................................................
.................................................
. LaTeX info: "xparse/define-command"
. 
. Defining document command \DeclareFontsExtensions with arg. spec. 'm' on
. line 474.
.................................................
Variant \prop_gput:cnV already defined; not changing it on line 746
Variant \prop_gput:cnx already defined; not changing it on line 747

! Undefined control sequence.
l.1008 \tl_new:Nn
                  \g_fontspec_hexcol_tl {000000}
? 
! Undefined control sequence.
l.1008 \tl_new:Nn \g_fontspec_hexcol_tl
                                        {000000}
? 

! LaTeX Error: Missing \begin{document}.

See the LaTeX manual or LaTeX Companion for explanation.
Type  H <return>  for immediate help.
 ...                                              
                                                  
l.1008 \tl_new:Nn \g_fontspec_hexcol_tl {0
                                          00000}
? 
! Undefined control sequence.
l.1009 \tl_new:Nn
                  \g_fontspec_opacity_tl {FF~}
? 
! Undefined control sequence.
l.1009 \tl_new:Nn \g_fontspec_opacity_tl
                                         {FF~}
? 

!!!!!!!!!!!!!!!!!!!!!!!!!!!!!!!!!!!!!!!!!!!!!!!!
!
! LaTeX error: "kernel/command-not-defined"
! 
! Control sequence \tl_replace_all_in:Nnn undefined.
! 
! See the LaTeX3 documentation for further information.
! 
! For immediate help type H <return>.
!...............................................  
                                                  
l.1359 ..._variant:Nn \tl_replace_all_in:Nnn {Nnx}
                                                  
? 
\c@fontspec_tmp_int=\count127
LaTeX Info: Redefining \itshape on input line 2105.
LaTeX Info: Redefining \slshape on input line 2109.
LaTeX Info: Redefining \scshape on input line 2113.
LaTeX Info: Redefining \upshape on input line 2117.
("C:\Program Files (x86)\MiKTeX 2.9\tex\latex\fontspec\fontspec.cfg"))
(C:\Users\dpap\AppData\Roaming\MiKTeX\2.9\tex\latex\libertine\libertine.sty
Package: libertine 2013/07/21 (Bob Tennent) Supports Libertine and Biolinum fon
ts for all LaTeX engines.

("C:\Program Files (x86)\MiKTeX 2.9\tex\generic\ifxetex\ifxetex.sty"
Package: ifxetex 2010/09/12 v0.6 Provides ifxetex conditional
)
("C:\Program Files (x86)\MiKTeX 2.9\tex\generic\oberdiek\ifluatex.sty"
Package: ifluatex 2010/03/01 v1.3 Provides the ifluatex switch (HO)
Package ifluatex Info: LuaTeX not detected.
)
("C:\Program Files (x86)\MiKTeX 2.9\tex\latex\base\textcomp.sty"
Package: textcomp 2005/09/27 v1.99g Standard LaTeX package
Package textcomp Info: Sub-encoding information:
(textcomp)               5 = only ISO-Adobe without \textcurrency
(textcomp)               4 = 5 + \texteuro
(textcomp)               3 = 4 + \textohm
(textcomp)               2 = 3 + \textestimated + \textcurrency
(textcomp)               1 = TS1 - \textcircled - \t
(textcomp)               0 = TS1 (full)
(textcomp)             Font families with sub-encoding setting implement
(textcomp)             only a restricted character set as indicated.
(textcomp)             Family '?' is the default used for unknown fonts.
(textcomp)             See the documentation for details.
Package textcomp Info: Setting ? sub-encoding to TS1/1 on input line 71.

("C:\Program Files (x86)\MiKTeX 2.9\tex\latex\base\ts1enc.def"
File: ts1enc.def 2001/06/05 v3.0e (jk/car/fm) Standard LaTeX file
)
LaTeX Info: Redefining \oldstylenums on input line 266.
Package textcomp Info: Setting cmr sub-encoding to TS1/0 on input line 281.
Package textcomp Info: Setting cmss sub-encoding to TS1/0 on input line 282.
Package textcomp Info: Setting cmtt sub-encoding to TS1/0 on input line 283.
Package textcomp Info: Setting cmvtt sub-encoding to TS1/0 on input line 284.
Package textcomp Info: Setting cmbr sub-encoding to TS1/0 on input line 285.
Package textcomp Info: Setting cmtl sub-encoding to TS1/0 on input line 286.
Package textcomp Info: Setting ccr sub-encoding to TS1/0 on input line 287.
Package textcomp Info: Setting ptm sub-encoding to TS1/4 on input line 288.
Package textcomp Info: Setting pcr sub-encoding to TS1/4 on input line 289.
Package textcomp Info: Setting phv sub-encoding to TS1/4 on input line 290.
Package textcomp Info: Setting ppl sub-encoding to TS1/3 on input line 291.
Package textcomp Info: Setting pag sub-encoding to TS1/4 on input line 292.
Package textcomp Info: Setting pbk sub-encoding to TS1/4 on input line 293.
Package textcomp Info: Setting pnc sub-encoding to TS1/4 on input line 294.
Package textcomp Info: Setting pzc sub-encoding to TS1/4 on input line 295.
Package textcomp Info: Setting bch sub-encoding to TS1/4 on input line 296.
Package textcomp Info: Setting put sub-encoding to TS1/5 on input line 297.
Package textcomp Info: Setting uag sub-encoding to TS1/5 on input line 298.
Package textcomp Info: Setting ugq sub-encoding to TS1/5 on input line 299.
Package textcomp Info: Setting ul8 sub-encoding to TS1/4 on input line 300.
Package textcomp Info: Setting ul9 sub-encoding to TS1/4 on input line 301.
Package textcomp Info: Setting augie sub-encoding to TS1/5 on input line 302.
Package textcomp Info: Setting dayrom sub-encoding to TS1/3 on input line 303.
Package textcomp Info: Setting dayroms sub-encoding to TS1/3 on input line 304.

Package textcomp Info: Setting pxr sub-encoding to TS1/0 on input line 305.
Package textcomp Info: Setting pxss sub-encoding to TS1/0 on input line 306.
Package textcomp Info: Setting pxtt sub-encoding to TS1/0 on input line 307.
Package textcomp Info: Setting txr sub-encoding to TS1/0 on input line 308.
Package textcomp Info: Setting txss sub-encoding to TS1/0 on input line 309.
Package textcomp Info: Setting txtt sub-encoding to TS1/0 on input line 310.
Package textcomp Info: Setting lmr sub-encoding to TS1/0 on input line 311.
Package textcomp Info: Setting lmdh sub-encoding to TS1/0 on input line 312.
Package textcomp Info: Setting lmss sub-encoding to TS1/0 on input line 313.
Package textcomp Info: Setting lmssq sub-encoding to TS1/0 on input line 314.
Package textcomp Info: Setting lmvtt sub-encoding to TS1/0 on input line 315.
Package textcomp Info: Setting qhv sub-encoding to TS1/0 on input line 316.
Package textcomp Info: Setting qag sub-encoding to TS1/0 on input line 317.
Package textcomp Info: Setting qbk sub-encoding to TS1/0 on input line 318.
Package textcomp Info: Setting qcr sub-encoding to TS1/0 on input line 319.
Package textcomp Info: Setting qcs sub-encoding to TS1/0 on input line 320.
Package textcomp Info: Setting qpl sub-encoding to TS1/0 on input line 321.
Package textcomp Info: Setting qtm sub-encoding to TS1/0 on input line 322.
Package textcomp Info: Setting qzc sub-encoding to TS1/0 on input line 323.
Package textcomp Info: Setting qhvc sub-encoding to TS1/0 on input line 324.
Package textcomp Info: Setting futs sub-encoding to TS1/4 on input line 325.
Package textcomp Info: Setting futx sub-encoding to TS1/4 on input line 326.
Package textcomp Info: Setting futj sub-encoding to TS1/4 on input line 327.
Package textcomp Info: Setting hlh sub-encoding to TS1/3 on input line 328.
Package textcomp Info: Setting hls sub-encoding to TS1/3 on input line 329.
Package textcomp Info: Setting hlst sub-encoding to TS1/3 on input line 330.
Package textcomp Info: Setting hlct sub-encoding to TS1/5 on input line 331.
Package textcomp Info: Setting hlx sub-encoding to TS1/5 on input line 332.
Package textcomp Info: Setting hlce sub-encoding to TS1/5 on input line 333.
Package textcomp Info: Setting hlcn sub-encoding to TS1/5 on input line 334.
Package textcomp Info: Setting hlcw sub-encoding to TS1/5 on input line 335.
Package textcomp Info: Setting hlcf sub-encoding to TS1/5 on input line 336.
Package textcomp Info: Setting pplx sub-encoding to TS1/3 on input line 337.
Package textcomp Info: Setting pplj sub-encoding to TS1/3 on input line 338.
Package textcomp Info: Setting ptmx sub-encoding to TS1/4 on input line 339.
Package textcomp Info: Setting ptmj sub-encoding to TS1/4 on input line 340.
)
! Undefined control sequence.
<argument> \tl_replace_all_in:Nnn 
                                  \l_fontspec_fontname_up_tl {*}{LinLibertine}
l.292           ] {\libertine@base}
                                   
? 

! LaTeX Error: Missing \begin{document}.

See the LaTeX manual or LaTeX Companion for explanation.
Type  H <return>  for immediate help.
 ...                                              
                                                  
l.292           ] {\libertine@base}
                                   
? 
! Missing $ inserted.
<inserted text> 
                $
l.292           ] {\libertine@base}
                                   
? 
LaTeX Font Info:    External font `cmex10' loaded for size
(Font)              <7> on input line 292.
LaTeX Font Info:    External font `cmex10' loaded for size
(Font)              <5> on input line 292.
! Undefined control sequence.
<argument> \tl_replace_all_in:Nnn 
                                  \l_fontspec_fontname_it_tl {*}{LinLibertine}
l.292           ] {\libertine@base}
                                   
? 
! Undefined control sequence.
<argument> \tl_replace_all_in:Nnn 
                                  \l_fontspec_fontname_bf_tl {*}{LinLibertine}
l.292           ] {\libertine@base}
                                   
? 
! Undefined control sequence.
<argument> \tl_replace_all_in:Nnn 
                                  \l_fontspec_fontname_bfit_tl {*}{LinLibert...
l.292           ] {\libertine@base}
                                   
? 
Requested font "[*_R.otf]/ICU" at 10.0pt
 -> font not found, using "nullfont"

!!!!!!!!!!!!!!!!!!!!!!!!!!!!!!!!!!!!!!!!!!!!!!!!
!
! fontspec error: "font-not-found"
! 
! The font "*_R" cannot be found.
! 
! See the fontspec documentation for further information.
! 
! For immediate help type H <return>.
!...............................................  
                                                  
l.292           ] {\libertine@base}
                                   
? 
Requested font "[*_R.otf]/ICU" at 10.0pt
 -> font not found, using "nullfont"
.................................................
. fontspec info: "no-scripts"
. 
. Font *_R does not contain any OpenType `Script' information.
.................................................
! Undefined control sequence.
<argument> \l_fontspec_hexcol_tl 
                                 \l_fontspec_opacity_tl 
l.292           ] {\libertine@base}
                                   
? 
! Undefined control sequence.
<argument> ...ec_hexcol_tl \l_fontspec_opacity_tl 
                                                  
l.292           ] {\libertine@base}
                                   
? 
! Undefined control sequence.
<argument> \g_fontspec_hexcol_tl 
                                 \g_fontspec_opacity_tl 
l.292           ] {\libertine@base}
                                   
? 
! Undefined control sequence.
<argument> ...ec_hexcol_tl \g_fontspec_opacity_tl 
                                                  
l.292           ] {\libertine@base}
                                   
? 
\g_fontspec_family_LinLibertine_int=\count128
.................................................
. fontspec info: "defining-font"
. 
. Defining font family 'LinLibertine(0)' for font 'LinLibertine' with options
. [ Ligatures = TeX , Extension = .otf , SmallCapsFeatures={Letters=SmallCaps}
. , Numbers = {Monospaced,Lining}, UprightFont = *_R, ItalicFont = *_RI,
. BoldFont = *_RB, BoldItalicFont = *_RBI, ].
.................................................
Requested font "[*_R.otf]/ICU" at 10.0pt
 -> font not found, using "nullfont"

!!!!!!!!!!!!!!!!!!!!!!!!!!!!!!!!!!!!!!!!!!!!!!!!
!
! fontspec error: "font-not-found"
! 
! The font "*_R" cannot be found.
! 
! See the fontspec documentation for further information.
! 
! For immediate help type H <return>.
!...............................................  
                                                  
l.292           ] {\libertine@base}
                                   
? 
! Undefined control sequence.
<argument> \l_fontspec_hexcol_tl 
                                 \l_fontspec_opacity_tl 
l.292           ] {\libertine@base}
                                   
? 
! Undefined control sequence.
<argument> ...ec_hexcol_tl \l_fontspec_opacity_tl 
                                                  
l.292           ] {\libertine@base}
                                   
? 
! Undefined control sequence.
<argument> \g_fontspec_hexcol_tl 
                                 \g_fontspec_opacity_tl 
l.292           ] {\libertine@base}
                                   
? 
! Undefined control sequence.
<argument> ...ec_hexcol_tl \g_fontspec_opacity_tl 
                                                  
l.292           ] {\libertine@base}
                                   
? 
.................................................
. fontspec info: "defining-raw"
. 
. Defining shape 'm/n' with NFSS spec.:
. <->"[*_R.otf]/ICU:mapping=tex-text;"
.................................................
Requested font "[*_RB.otf]/ICU" at 10.0pt
 -> font not found, using "nullfont"

!!!!!!!!!!!!!!!!!!!!!!!!!!!!!!!!!!!!!!!!!!!!!!!!
!
! fontspec error: "font-not-found"
! 
! The font "*_RB" cannot be found.
! 
! See the fontspec documentation for further information.
! 
! For immediate help type H <return>.
!...............................................  
                                                  
l.292           ] {\libertine@base}
                                   
? 
! Undefined control sequence.
<argument> \l_fontspec_hexcol_tl 
                                 \l_fontspec_opacity_tl 
l.292           ] {\libertine@base}
                                   
? 
! Undefined control sequence.
<argument> ...ec_hexcol_tl \l_fontspec_opacity_tl 
                                                  
l.292           ] {\libertine@base}
                                   
? 
! Undefined control sequence.
<argument> \g_fontspec_hexcol_tl 
                                 \g_fontspec_opacity_tl 
l.292           ] {\libertine@base}
                                   
? 
! Undefined control sequence.
<argument> ...ec_hexcol_tl \g_fontspec_opacity_tl 
                                                  
l.292           ] {\libertine@base}
                                   
? 
.................................................
. fontspec info: "defining-raw"
. 
. Defining shape 'bx/n' with NFSS spec.:
. <->"[*_RB.otf]/ICU:mapping=tex-text;"
.................................................
Requested font "[*_RI.otf]/ICU" at 10.0pt
 -> font not found, using "nullfont"

!!!!!!!!!!!!!!!!!!!!!!!!!!!!!!!!!!!!!!!!!!!!!!!!
!
! fontspec error: "font-not-found"
! 
! The font "*_RI" cannot be found.
! 
! See the fontspec documentation for further information.
! 
! For immediate help type H <return>.
!...............................................  
                                                  
l.292           ] {\libertine@base}
                                   
? 
! Undefined control sequence.
<argument> \l_fontspec_hexcol_tl 
                                 \l_fontspec_opacity_tl 
l.292           ] {\libertine@base}
                                   
? 
! Undefined control sequence.
<argument> ...ec_hexcol_tl \l_fontspec_opacity_tl 
                                                  
l.292           ] {\libertine@base}
                                   
? 
! Undefined control sequence.
<argument> \g_fontspec_hexcol_tl 
                                 \g_fontspec_opacity_tl 
l.292           ] {\libertine@base}
                                   
? 
! Undefined control sequence.
<argument> ...ec_hexcol_tl \g_fontspec_opacity_tl 
                                                  
l.292           ] {\libertine@base}
                                   
? 
.................................................
. fontspec info: "defining-raw"
. 
. Defining shape 'm/it' with NFSS spec.:
. <->"[*_RI.otf]/ICU:mapping=tex-text;"
.................................................
Requested font "[*_RBI.otf]/ICU" at 10.0pt
 -> font not found, using "nullfont"

!!!!!!!!!!!!!!!!!!!!!!!!!!!!!!!!!!!!!!!!!!!!!!!!
!
! fontspec error: "font-not-found"
! 
! The font "*_RBI" cannot be found.
! 
! See the fontspec documentation for further information.
! 
! For immediate help type H <return>.
!...............................................  
                                                  
l.292           ] {\libertine@base}
                                   
? 
! Undefined control sequence.
<argument> \l_fontspec_hexcol_tl 
                                 \l_fontspec_opacity_tl 
l.292           ] {\libertine@base}
                                   
? 
! Undefined control sequence.
<argument> ...ec_hexcol_tl \l_fontspec_opacity_tl 
                                                  
l.292           ] {\libertine@base}
                                   
? 
! Undefined control sequence.
<argument> \g_fontspec_hexcol_tl 
                                 \g_fontspec_opacity_tl 
l.292           ] {\libertine@base}
                                   
? 
! Undefined control sequence.
<argument> ...ec_hexcol_tl \g_fontspec_opacity_tl 
                                                  
l.292           ] {\libertine@base}
                                   
? 
.................................................
. fontspec info: "defining-raw"
. 
. Defining shape 'bx/it' with NFSS spec.:
. <->"[*_RBI.otf]/ICU:mapping=tex-text;"
.................................................
! Missing $ inserted.
<inserted text> 
                $
l.292           ] {\libertine@base}
                                   
? 

! LaTeX Error: Font EU1/LinLibertine(0)/m/n/10 not found.

See the LaTeX manual or LaTeX Companion for explanation.
Type  H <return>  for immediate help.
 ...                                              
                                                  
l.292           ] {\libertine@base}
                                   
? 
! Undefined control sequence.
<argument> \tl_replace_all_in:Nnn 
                                  \l_fontspec_fontname_up_tl {*}{LinBiolinum}
l.302           ] {\biolinum@base}
                                  
? 
! Missing $ inserted.
<inserted text> 
                $
l.302           ] {\biolinum@base}
                                  
? 
! Undefined control sequence.
<argument> \tl_replace_all_in:Nnn 
                                  \l_fontspec_fontname_it_tl {*}{LinBiolinum}
l.302           ] {\biolinum@base}
                                  
? 
! Undefined control sequence.
<argument> \tl_replace_all_in:Nnn 
                                  \l_fontspec_fontname_bf_tl {*}{LinBiolinum}
l.302           ] {\biolinum@base}
                                  
? 
! Undefined control sequence.
<argument> \tl_replace_all_in:Nnn 
                                  \l_fontspec_fontname_bfit_tl {*}{LinBiolinum}
l.302           ] {\biolinum@base}
                                  
? 
Requested font "[*_R.otf]/ICU" at 10.0pt
 -> font not found, using "nullfont"

!!!!!!!!!!!!!!!!!!!!!!!!!!!!!!!!!!!!!!!!!!!!!!!!
!
! fontspec error: "font-not-found"
! 
! The font "*_R" cannot be found.
! 
! See the fontspec documentation for further information.
! 
! For immediate help type H <return>.
!...............................................  
                                                  
l.302           ] {\biolinum@base}
                                  
? 
Requested font "[*_R.otf]/ICU" at 10.0pt
 -> font not found, using "nullfont"
.................................................
. fontspec info: "no-scripts"
. 
. Font *_R does not contain any OpenType `Script' information.
.................................................
! Undefined control sequence.
<argument> \l_fontspec_hexcol_tl 
                                 \l_fontspec_opacity_tl 
l.302           ] {\biolinum@base}
                                  
? 
! Undefined control sequence.
<argument> ...ec_hexcol_tl \l_fontspec_opacity_tl 
                                                  
l.302           ] {\biolinum@base}
                                  
? 
! Undefined control sequence.
<argument> \g_fontspec_hexcol_tl 
                                 \g_fontspec_opacity_tl 
l.302           ] {\biolinum@base}
                                  
? 
! Undefined control sequence.
<argument> ...ec_hexcol_tl \g_fontspec_opacity_tl 
                                                  
l.302           ] {\biolinum@base}
                                  
? 
\g_fontspec_family_LinBiolinum_int=\count129
.................................................
. fontspec info: "defining-font"
. 
. Defining font family 'LinBiolinum(0)' for font 'LinBiolinum' with options [
. Ligatures = TeX , Extension = .otf , SmallCapsFeatures={Letters=SmallCaps} ,
. Numbers = {Monospaced, } , Scale = 1, UprightFont = *_R , ItalicFont = *_RI
. , BoldFont = *_RB , BoldItalicFont = *_RBO , ].
.................................................
Requested font "[*_R.otf]/ICU" at 10.0pt
 -> font not found, using "nullfont"

!!!!!!!!!!!!!!!!!!!!!!!!!!!!!!!!!!!!!!!!!!!!!!!!
!
! fontspec error: "font-not-found"
! 
! The font "*_R" cannot be found.
! 
! See the fontspec documentation for further information.
! 
! For immediate help type H <return>.
!...............................................  
                                                  
l.302           ] {\biolinum@base}
                                  
? 
! Undefined control sequence.
<argument> \l_fontspec_hexcol_tl 
                                 \l_fontspec_opacity_tl 
l.302           ] {\biolinum@base}
                                  
? 
! Undefined control sequence.
<argument> ...ec_hexcol_tl \l_fontspec_opacity_tl 
                                                  
l.302           ] {\biolinum@base}
                                  
? 
! Undefined control sequence.
<argument> \g_fontspec_hexcol_tl 
                                 \g_fontspec_opacity_tl 
l.302           ] {\biolinum@base}
                                  
? 
! Undefined control sequence.
<argument> ...ec_hexcol_tl \g_fontspec_opacity_tl 
                                                  
l.302           ] {\biolinum@base}
                                  
? 
.................................................
. fontspec info: "defining-raw"
. 
. Defining shape 'm/n' with NFSS spec.:
. <->s*[1]"[*_R.otf]/ICU:mapping=tex-text;"
.................................................
Requested font "[*_RB.otf]/ICU" at 10.0pt
 -> font not found, using "nullfont"

!!!!!!!!!!!!!!!!!!!!!!!!!!!!!!!!!!!!!!!!!!!!!!!!
!
! fontspec error: "font-not-found"
! 
! The font "*_RB" cannot be found.
! 
! See the fontspec documentation for further information.
! 
! For immediate help type H <return>.
!...............................................  
                                                  
l.302           ] {\biolinum@base}
                                  
? 
! Undefined control sequence.
<argument> \l_fontspec_hexcol_tl 
                                 \l_fontspec_opacity_tl 
l.302           ] {\biolinum@base}
                                  
? 
! Undefined control sequence.
<argument> ...ec_hexcol_tl \l_fontspec_opacity_tl 
                                                  
l.302           ] {\biolinum@base}
                                  
? 
! Undefined control sequence.
<argument> \g_fontspec_hexcol_tl 
                                 \g_fontspec_opacity_tl 
l.302           ] {\biolinum@base}
                                  
? 
! Undefined control sequence.
<argument> ...ec_hexcol_tl \g_fontspec_opacity_tl 
                                                  
l.302           ] {\biolinum@base}
                                  
? 
.................................................
. fontspec info: "defining-raw"
. 
. Defining shape 'bx/n' with NFSS spec.:
. <->s*[1]"[*_RB.otf]/ICU:mapping=tex-text;"
.................................................
Requested font "[*_RI.otf]/ICU" at 10.0pt
 -> font not found, using "nullfont"

!!!!!!!!!!!!!!!!!!!!!!!!!!!!!!!!!!!!!!!!!!!!!!!!
!
! fontspec error: "font-not-found"
! 
! The font "*_RI" cannot be found.
! 
! See the fontspec documentation for further information.
! 
! For immediate help type H <return>.
!...............................................  
                                                  
l.302           ] {\biolinum@base}
                                  
? 
! Undefined control sequence.
<argument> \l_fontspec_hexcol_tl 
                                 \l_fontspec_opacity_tl 
l.302           ] {\biolinum@base}
                                  
? 
! Undefined control sequence.
<argument> ...ec_hexcol_tl \l_fontspec_opacity_tl 
                                                  
l.302           ] {\biolinum@base}
                                  
? 
! Undefined control sequence.
<argument> \g_fontspec_hexcol_tl 
                                 \g_fontspec_opacity_tl 
l.302           ] {\biolinum@base}
                                  
? 
! Undefined control sequence.
<argument> ...ec_hexcol_tl \g_fontspec_opacity_tl 
                                                  
l.302           ] {\biolinum@base}
                                  
? 
.................................................
. fontspec info: "defining-raw"
. 
. Defining shape 'm/it' with NFSS spec.:
. <->s*[1]"[*_RI.otf]/ICU:mapping=tex-text;"
.................................................
Requested font "[*_RBO.otf]/ICU" at 10.0pt
 -> font not found, using "nullfont"

!!!!!!!!!!!!!!!!!!!!!!!!!!!!!!!!!!!!!!!!!!!!!!!!
!
! fontspec error: "font-not-found"
! 
! The font "*_RBO" cannot be found.
! 
! See the fontspec documentation for further information.
! 
! For immediate help type H <return>.
!...............................................  
                                                  
l.302           ] {\biolinum@base}
                                  
? 
! Undefined control sequence.
<argument> \l_fontspec_hexcol_tl 
                                 \l_fontspec_opacity_tl 
l.302           ] {\biolinum@base}
                                  
? 
! Undefined control sequence.
<argument> ...ec_hexcol_tl \l_fontspec_opacity_tl 
                                                  
l.302           ] {\biolinum@base}
                                  
? 
! Undefined control sequence.
<argument> \g_fontspec_hexcol_tl 
                                 \g_fontspec_opacity_tl 
l.302           ] {\biolinum@base}
                                  
? 
! Undefined control sequence.
<argument> ...ec_hexcol_tl \g_fontspec_opac